{"C:\\Users\\Alena_Minich\\Documents\\react\\epam\\mentoring\\src\\components\\collapse.jsx": {"path":"C:\\Users\\Alena_Minich\\Documents\\react\\epam\\mentoring\\src\\components\\collapse.jsx","statementMap":{"0":{"start":{"line":3,"column":17},"end":{"line":13,"column":1}},"1":{"start":{"line":4,"column":2},"end":{"line":12,"column":4}},"2":{"start":{"line":7,"column":20},"end":{"line":7,"column":38}}},"fnMap":{"0":{"name":"(anonymous_0)","decl":{"start":{"line":3,"column":17},"end":{"line":3,"column":18}},"loc":{"start":{"line":3,"column":26},"end":{"line":13,"column":1}},"line":3},"1":{"name":"(anonymous_1)","decl":{"start":{"line":7,"column":15},"end":{"line":7,"column":16}},"loc":{"start":{"line":7,"column":20},"end":{"line":7,"column":38}},"line":7}},"branchMap":{},"s":{"0":2,"1":1,"2":0},"f":{"0":1,"1":0},"b":{},"_coverageSchema":"43e27e138ebf9cfc5966b082cf9a028302ed4184","hash":"61a19848ff6e400d7adb641e1244ced2ad03c14f"}
,"C:\\Users\\Alena_Minich\\Documents\\react\\epam\\mentoring\\src\\components\\foto.jsx": {"path":"C:\\Users\\Alena_Minich\\Documents\\react\\epam\\mentoring\\src\\components\\foto.jsx","statementMap":{"0":{"start":{"line":3,"column":13},"end":{"line":20,"column":1}},"1":{"start":{"line":4,"column":2},"end":{"line":19,"column":4}}},"fnMap":{"0":{"name":"(anonymous_0)","decl":{"start":{"line":3,"column":13},"end":{"line":3,"column":14}},"loc":{"start":{"line":3,"column":27},"end":{"line":20,"column":1}},"line":3}},"branchMap":{},"s":{"0":1,"1":0},"f":{"0":0},"b":{},"_coverageSchema":"43e27e138ebf9cfc5966b082cf9a028302ed4184","hash":"712adf73f40fb54bbdc26254389fd580467833fb"}
,"C:\\Users\\Alena_Minich\\Documents\\react\\epam\\mentoring\\src\\components\\fotoList.jsx": {"path":"C:\\Users\\Alena_Minich\\Documents\\react\\epam\\mentoring\\src\\components\\fotoList.jsx","statementMap":{"0":{"start":{"line":9,"column":10},"end":{"line":15,"column":3}},"1":{"start":{"line":18,"column":4},"end":{"line":18,"column":42}},"2":{"start":{"line":21,"column":17},"end":{"line":24,"column":3}},"3":{"start":{"line":22,"column":4},"end":{"line":22,"column":23}},"4":{"start":{"line":23,"column":4},"end":{"line":23,"column":42}},"5":{"start":{"line":26,"column":21},"end":{"line":29,"column":3}},"6":{"start":{"line":27,"column":4},"end":{"line":27,"column":22}},"7":{"start":{"line":28,"column":4},"end":{"line":28,"column":65}},"8":{"start":{"line":30,"column":19},"end":{"line":34,"column":3}},"9":{"start":{"line":31,"column":4},"end":{"line":33,"column":7}},"10":{"start":{"line":32,"column":6},"end":{"line":32,"column":43}},"11":{"start":{"line":35,"column":19},"end":{"line":37,"column":3}},"12":{"start":{"line":36,"column":4},"end":{"line":36,"column":34}},"13":{"start":{"line":39,"column":26},"end":{"line":45,"column":24}},"14":{"start":{"line":41,"column":10},"end":{"line":43,"column":47}},"15":{"start":{"line":46,"column":4},"end":{"line":80,"column":6}},"16":{"start":{"line":59,"column":18},"end":{"line":59,"column":52}}},"fnMap":{"0":{"name":"(anonymous_0)","decl":{"start":{"line":17,"column":2},"end":{"line":17,"column":3}},"loc":{"start":{"line":17,"column":22},"end":{"line":19,"column":3}},"line":17},"1":{"name":"(anonymous_1)","decl":{"start":{"line":21,"column":17},"end":{"line":21,"column":18}},"loc":{"start":{"line":21,"column":26},"end":{"line":24,"column":3}},"line":21},"2":{"name":"(anonymous_2)","decl":{"start":{"line":26,"column":21},"end":{"line":26,"column":22}},"loc":{"start":{"line":26,"column":29},"end":{"line":29,"column":3}},"line":26},"3":{"name":"(anonymous_3)","decl":{"start":{"line":30,"column":19},"end":{"line":30,"column":20}},"loc":{"start":{"line":30,"column":25},"end":{"line":34,"column":3}},"line":30},"4":{"name":"(anonymous_4)","decl":{"start":{"line":31,"column":18},"end":{"line":31,"column":19}},"loc":{"start":{"line":31,"column":26},"end":{"line":33,"column":5}},"line":31},"5":{"name":"(anonymous_5)","decl":{"start":{"line":35,"column":19},"end":{"line":35,"column":20}},"loc":{"start":{"line":35,"column":25},"end":{"line":37,"column":3}},"line":35},"6":{"name":"(anonymous_6)","decl":{"start":{"line":38,"column":2},"end":{"line":38,"column":3}},"loc":{"start":{"line":38,"column":11},"end":{"line":81,"column":3}},"line":38},"7":{"name":"(anonymous_7)","decl":{"start":{"line":40,"column":32},"end":{"line":40,"column":33}},"loc":{"start":{"line":41,"column":10},"end":{"line":43,"column":47}},"line":41},"8":{"name":"(anonymous_8)","decl":{"start":{"line":58,"column":64},"end":{"line":58,"column":65}},"loc":{"start":{"line":59,"column":18},"end":{"line":59,"column":52}},"line":59}},"branchMap":{"0":{"loc":{"start":{"line":39,"column":26},"end":{"line":45,"column":24}},"type":"cond-expr","locations":[{"start":{"line":40,"column":8},"end":{"line":44,"column":9}},{"start":{"line":45,"column":8},"end":{"line":45,"column":24}}],"line":39},"1":{"loc":{"start":{"line":54,"column":9},"end":{"line":66,"column":9}},"type":"cond-expr","locations":[{"start":{"line":55,"column":10},"end":{"line":63,"column":16}},{"start":{"line":65,"column":10},"end":{"line":65,"column":31}}],"line":54},"2":{"loc":{"start":{"line":72,"column":11},"end":{"line":74,"column":11}},"type":"binary-expr","locations":[{"start":{"line":72,"column":11},"end":{"line":72,"column":52}},{"start":{"line":73,"column":12},"end":{"line":73,"column":57}}],"line":72},"3":{"loc":{"start":{"line":75,"column":11},"end":{"line":77,"column":11}},"type":"binary-expr","locations":[{"start":{"line":75,"column":11},"end":{"line":75,"column":53}},{"start":{"line":76,"column":12},"end":{"line":76,"column":57}}],"line":75}},"s":{"0":5,"1":5,"2":5,"3":0,"4":0,"5":5,"6":0,"7":0,"8":5,"9":1,"10":1,"11":5,"12":1,"13":15,"14":0,"15":15,"16":51},"f":{"0":5,"1":0,"2":0,"3":1,"4":1,"5":1,"6":15,"7":0,"8":51},"b":{"0":[0,15],"1":[10,5],"2":[15,7],"3":[15,8]},"_coverageSchema":"43e27e138ebf9cfc5966b082cf9a028302ed4184","hash":"e30046424bf33846cfd05428c4c3c758c43215ac"}
,"C:\\Users\\Alena_Minich\\Documents\\react\\epam\\mentoring\\src\\components\\loadMore.jsx": {"path":"C:\\Users\\Alena_Minich\\Documents\\react\\epam\\mentoring\\src\\components\\loadMore.jsx","statementMap":{"0":{"start":{"line":3,"column":17},"end":{"line":14,"column":1}},"1":{"start":{"line":4,"column":2},"end":{"line":13,"column":4}},"2":{"start":{"line":9,"column":20},"end":{"line":9,"column":38}}},"fnMap":{"0":{"name":"(anonymous_0)","decl":{"start":{"line":3,"column":17},"end":{"line":3,"column":18}},"loc":{"start":{"line":3,"column":26},"end":{"line":14,"column":1}},"line":3},"1":{"name":"(anonymous_1)","decl":{"start":{"line":9,"column":15},"end":{"line":9,"column":16}},"loc":{"start":{"line":9,"column":20},"end":{"line":9,"column":38}},"line":9}},"branchMap":{},"s":{"0":1,"1":0,"2":0},"f":{"0":0,"1":0},"b":{},"_coverageSchema":"43e27e138ebf9cfc5966b082cf9a028302ed4184","hash":"8be84552257899176146aa7b597d7b205206519a"}
,"C:\\Users\\Alena_Minich\\Documents\\react\\epam\\mentoring\\src\\components\\search.jsx": {"path":"C:\\Users\\Alena_Minich\\Documents\\react\\epam\\mentoring\\src\\components\\search.jsx","statementMap":{"0":{"start":{"line":3,"column":15},"end":{"line":35,"column":1}},"1":{"start":{"line":4,"column":2},"end":{"line":34,"column":4}},"2":{"start":{"line":14,"column":25},"end":{"line":14,"column":68}},"3":{"start":{"line":20,"column":10},"end":{"line":30,"column":15}},"4":{"start":{"line":22,"column":26},"end":{"line":22,"column":57}}},"fnMap":{"0":{"name":"(anonymous_0)","decl":{"start":{"line":3,"column":15},"end":{"line":3,"column":16}},"loc":{"start":{"line":3,"column":24},"end":{"line":35,"column":1}},"line":3},"1":{"name":"(anonymous_1)","decl":{"start":{"line":14,"column":20},"end":{"line":14,"column":21}},"loc":{"start":{"line":14,"column":25},"end":{"line":14,"column":68}},"line":14},"2":{"name":"(anonymous_2)","decl":{"start":{"line":19,"column":26},"end":{"line":19,"column":27}},"loc":{"start":{"line":20,"column":10},"end":{"line":30,"column":15}},"line":20},"3":{"name":"(anonymous_3)","decl":{"start":{"line":22,"column":21},"end":{"line":22,"column":22}},"loc":{"start":{"line":22,"column":26},"end":{"line":22,"column":57}},"line":22}},"branchMap":{"0":{"loc":{"start":{"line":24,"column":14},"end":{"line":26,"column":35}},"type":"cond-expr","locations":[{"start":{"line":25,"column":18},"end":{"line":25,"column":42}},{"start":{"line":26,"column":18},"end":{"line":26,"column":35}}],"line":24}},"s":{"0":1,"1":0,"2":0,"3":0,"4":0},"f":{"0":0,"1":0,"2":0,"3":0},"b":{"0":[0,0]},"_coverageSchema":"43e27e138ebf9cfc5966b082cf9a028302ed4184","hash":"9b876910dbc9e793ecc3954887756d415456d6c7"}
,"C:\\Users\\Alena_Minich\\Documents\\react\\epam\\mentoring\\src\\services\\fakeMovieservice.js": {"path":"C:\\Users\\Alena_Minich\\Documents\\react\\epam\\mentoring\\src\\services\\fakeMovieservice.js","statementMap":{"0":{"start":{"line":1,"column":15},"end":{"line":74,"column":1}},"1":{"start":{"line":77,"column":2},"end":{"line":77,"column":16}}},"fnMap":{"0":{"name":"getMovies","decl":{"start":{"line":76,"column":16},"end":{"line":76,"column":25}},"loc":{"start":{"line":76,"column":28},"end":{"line":78,"column":1}},"line":76}},"branchMap":{},"s":{"0":1,"1":5},"f":{"0":5},"b":{},"_coverageSchema":"43e27e138ebf9cfc5966b082cf9a028302ed4184","hash":"052a553697a753caf4d20d844cead2231e8685a0"}
}
