TN:
SF:C:\Users\Alena_Minich\Documents\react\epam\mentoring\src\components\collapse.jsx
FN:3,(anonymous_0)
FN:7,(anonymous_1)
FNF:2
FNH:1
FNDA:1,(anonymous_0)
FNDA:0,(anonymous_1)
DA:3,2
DA:4,1
DA:7,0
LF:3
LH:2
BRF:0
BRH:0
end_of_record
TN:
SF:C:\Users\Alena_Minich\Documents\react\epam\mentoring\src\components\foto.jsx
FN:3,(anonymous_0)
FNF:1
FNH:0
FNDA:0,(anonymous_0)
DA:3,1
DA:4,0
LF:2
LH:1
BRF:0
BRH:0
end_of_record
TN:
SF:C:\Users\Alena_Minich\Documents\react\epam\mentoring\src\components\fotoList.jsx
FN:17,(anonymous_0)
FN:21,(anonymous_1)
FN:26,(anonymous_2)
FN:30,(anonymous_3)
FN:31,(anonymous_4)
FN:35,(anonymous_5)
FN:38,(anonymous_6)
FN:40,(anonymous_7)
FN:58,(anonymous_8)
FNF:9
FNH:6
FNDA:5,(anonymous_0)
FNDA:0,(anonymous_1)
FNDA:0,(anonymous_2)
FNDA:1,(anonymous_3)
FNDA:1,(anonymous_4)
FNDA:1,(anonymous_5)
FNDA:15,(anonymous_6)
FNDA:0,(anonymous_7)
FNDA:51,(anonymous_8)
DA:9,5
DA:18,5
DA:21,5
DA:22,0
DA:23,0
DA:26,5
DA:27,0
DA:28,0
DA:30,5
DA:31,1
DA:32,1
DA:35,5
DA:36,1
DA:39,15
DA:41,0
DA:46,15
DA:59,51
LF:17
LH:12
BRDA:39,0,0,0
BRDA:39,0,1,15
BRDA:54,1,0,10
BRDA:54,1,1,5
BRDA:72,2,0,15
BRDA:72,2,1,7
BRDA:75,3,0,15
BRDA:75,3,1,8
BRF:8
BRH:7
end_of_record
TN:
SF:C:\Users\Alena_Minich\Documents\react\epam\mentoring\src\components\loadMore.jsx
FN:3,(anonymous_0)
FN:9,(anonymous_1)
FNF:2
FNH:0
FNDA:0,(anonymous_0)
FNDA:0,(anonymous_1)
DA:3,1
DA:4,0
DA:9,0
LF:3
LH:1
BRF:0
BRH:0
end_of_record
TN:
SF:C:\Users\Alena_Minich\Documents\react\epam\mentoring\src\components\search.jsx
FN:3,(anonymous_0)
FN:14,(anonymous_1)
FN:19,(anonymous_2)
FN:22,(anonymous_3)
FNF:4
FNH:0
FNDA:0,(anonymous_0)
FNDA:0,(anonymous_1)
FNDA:0,(anonymous_2)
FNDA:0,(anonymous_3)
DA:3,1
DA:4,0
DA:14,0
DA:20,0
DA:22,0
LF:5
LH:1
BRDA:24,0,0,0
BRDA:24,0,1,0
BRF:2
BRH:0
end_of_record
TN:
SF:C:\Users\Alena_Minich\Documents\react\epam\mentoring\src\services\fakeMovieservice.js
FN:76,getMovies
FNF:1
FNH:1
FNDA:5,getMovies
DA:1,1
DA:77,5
LF:2
LH:2
BRF:0
BRH:0
end_of_record
